Generated at 2021-06-29 07:05:47 +0000
Chef::Exceptions::Package: yum_package[zip] (zip::default line 7) had an error: Chef::Exceptions::Package: cannot find yum libraries, you may need to use dnf_package
/opt/chef/embedded/lib/ruby/gems/3.0.0/gems/chef-17.2.29/lib/chef/provider/package/yum/python_helper.rb:47:in `yum_command'
/opt/chef/embedded/lib/ruby/gems/3.0.0/gems/chef-17.2.29/lib/chef/provider/package/yum/python_helper.rb:56:in `start'
/opt/chef/embedded/lib/ruby/gems/3.0.0/gems/chef-17.2.29/lib/chef/provider/package/yum/python_helper.rb:135:in `restart'
/opt/chef/embedded/lib/ruby/gems/3.0.0/gems/chef-17.2.29/lib/chef/provider/package/yum/python_helper.rb:217:in `rescue in with_helper'
/opt/chef/embedded/lib/ruby/gems/3.0.0/gems/chef-17.2.29/lib/chef/provider/package/yum/python_helper.rb:203:in `with_helper'
/opt/chef/embedded/lib/ruby/gems/3.0.0/gems/chef-17.2.29/lib/chef/provider/package/yum/python_helper.rb:160:in `query'
/opt/chef/embedded/lib/ruby/gems/3.0.0/gems/chef-17.2.29/lib/chef/provider/package/yum/python_helper.rb:126:in `package_query'
/opt/chef/embedded/lib/ruby/gems/3.0.0/gems/chef-17.2.29/lib/chef/provider/package/yum.rb:235:in `installed_version'
/opt/chef/embedded/lib/ruby/gems/3.0.0/gems/chef-17.2.29/lib/chef/provider/package/yum.rb:85:in `block in get_current_versions'
/opt/chef/embedded/lib/ruby/gems/3.0.0/gems/chef-17.2.29/lib/chef/provider/package/yum.rb:84:in `each'
/opt/chef/embedded/lib/ruby/gems/3.0.0/gems/chef-17.2.29/lib/chef/provider/package/yum.rb:84:in `each_with_index'
/opt/chef/embedded/lib/ruby/gems/3.0.0/gems/chef-17.2.29/lib/chef/provider/package/yum.rb:84:in `each'
/opt/chef/embedded/lib/ruby/gems/3.0.0/gems/chef-17.2.29/lib/chef/provider/package/yum.rb:84:in `map'
/opt/chef/embedded/lib/ruby/gems/3.0.0/gems/chef-17.2.29/lib/chef/provider/package/yum.rb:84:in `get_current_versions'
/opt/chef/embedded/lib/ruby/gems/3.0.0/gems/chef-17.2.29/lib/chef/provider/package/yum.rb:62:in `load_current_resource'
/opt/chef/embedded/lib/ruby/gems/3.0.0/gems/chef-17.2.29/lib/chef/provider.rb:200:in `run_action'
/opt/chef/embedded/lib/ruby/gems/3.0.0/gems/chef-17.2.29/lib/chef/resource.rb:600:in `block in run_action'
/opt/chef/embedded/lib/ruby/gems/3.0.0/gems/chef-17.2.29/lib/chef/resource.rb:627:in `with_umask'
/opt/chef/embedded/lib/ruby/gems/3.0.0/gems/chef-17.2.29/lib/chef/resource.rb:599:in `run_action'
/opt/chef/embedded/lib/ruby/gems/3.0.0/gems/chef-17.2.29/lib/chef/runner.rb:74:in `run_action'
/opt/chef/embedded/lib/ruby/gems/3.0.0/gems/chef-17.2.29/lib/chef/runner.rb:108:in `block in run_all_actions'
/opt/chef/embedded/lib/ruby/gems/3.0.0/gems/chef-17.2.29/lib/chef/runner.rb:108:in `each'
/opt/chef/embedded/lib/ruby/gems/3.0.0/gems/chef-17.2.29/lib/chef/runner.rb:108:in `run_all_actions'
/opt/chef/embedded/lib/ruby/gems/3.0.0/gems/chef-17.2.29/lib/chef/runner.rb:132:in `block in converge'
/opt/chef/embedded/lib/ruby/gems/3.0.0/gems/chef-17.2.29/lib/chef/resource_collection/resource_list.rb:96:in `block in execute_each_resource'
/opt/chef/embedded/lib/ruby/gems/3.0.0/gems/chef-17.2.29/lib/chef/resource_collection/stepable_iterator.rb:114:in `call_iterator_block'
/opt/chef/embedded/lib/ruby/gems/3.0.0/gems/chef-17.2.29/lib/chef/resource_collection/stepable_iterator.rb:85:in `step'
/opt/chef/embedded/lib/ruby/gems/3.0.0/gems/chef-17.2.29/lib/chef/resource_collection/stepable_iterator.rb:103:in `iterate'
/opt/chef/embedded/lib/ruby/gems/3.0.0/gems/chef-17.2.29/lib/chef/resource_collection/stepable_iterator.rb:54:in `each_with_index'
/opt/chef/embedded/lib/ruby/gems/3.0.0/gems/chef-17.2.29/lib/chef/resource_collection/resource_list.rb:94:in `execute_each_resource'
/opt/chef/embedded/lib/ruby/3.0.0/forwardable.rb:238:in `execute_each_resource'
/opt/chef/embedded/lib/ruby/gems/3.0.0/gems/chef-17.2.29/lib/chef/runner.rb:130:in `converge'
/opt/chef/embedded/lib/ruby/gems/3.0.0/gems/chef-17.2.29/lib/chef/client.rb:687:in `block in converge'
/opt/chef/embedded/lib/ruby/gems/3.0.0/gems/chef-17.2.29/lib/chef/client.rb:682:in `catch'
/opt/chef/embedded/lib/ruby/gems/3.0.0/gems/chef-17.2.29/lib/chef/client.rb:682:in `converge'
/opt/chef/embedded/lib/ruby/gems/3.0.0/gems/chef-17.2.29/lib/chef/client.rb:706:in `converge_and_save'
/opt/chef/embedded/lib/ruby/gems/3.0.0/gems/chef-17.2.29/lib/chef/client.rb:286:in `run'
/opt/chef/embedded/lib/ruby/gems/3.0.0/gems/chef-17.2.29/lib/chef/application.rb:305:in `run_with_graceful_exit_option'
/opt/chef/embedded/lib/ruby/gems/3.0.0/gems/chef-17.2.29/lib/chef/application.rb:281:in `block in run_chef_client'
/opt/chef/embedded/lib/ruby/gems/3.0.0/gems/chef-17.2.29/lib/chef/local_mode.rb:42:in `with_server_connectivity'
/opt/chef/embedded/lib/ruby/gems/3.0.0/gems/chef-17.2.29/lib/chef/application.rb:264:in `run_chef_client'
/opt/chef/embedded/lib/ruby/gems/3.0.0/gems/chef-17.2.29/lib/chef/application/base.rb:352:in `run_application'
/opt/chef/embedded/lib/ruby/gems/3.0.0/gems/chef-17.2.29/lib/chef/application.rb:67:in `run'
/opt/chef/embedded/lib/ruby/gems/3.0.0/gems/chef-bin-17.2.29/bin/chef-client:25:in `<top (required)>'
/bin/chef-client:143:in `load'
/bin/chef-client:143:in `<main>'

>>>> Caused by Chef::Exceptions::Package: cannot find yum libraries, you may need to use dnf_package
/opt/chef/embedded/lib/ruby/gems/3.0.0/gems/chef-17.2.29/lib/chef/provider/package/yum/python_helper.rb:47:in `yum_command'
/opt/chef/embedded/lib/ruby/gems/3.0.0/gems/chef-17.2.29/lib/chef/provider/package/yum/python_helper.rb:56:in `start'
/opt/chef/embedded/lib/ruby/gems/3.0.0/gems/chef-17.2.29/lib/chef/provider/package/yum/python_helper.rb:81:in `check'
/opt/chef/embedded/lib/ruby/gems/3.0.0/gems/chef-17.2.29/lib/chef/provider/package/yum/python_helper.rb:207:in `block in with_helper'
/opt/chef/embedded/lib/ruby/3.0.0/timeout.rb:97:in `block in timeout'
/opt/chef/embedded/lib/ruby/3.0.0/timeout.rb:35:in `block in catch'
/opt/chef/embedded/lib/ruby/3.0.0/timeout.rb:35:in `catch'
/opt/chef/embedded/lib/ruby/3.0.0/timeout.rb:35:in `catch'
/opt/chef/embedded/lib/ruby/3.0.0/timeout.rb:112:in `timeout'
/opt/chef/embedded/lib/ruby/gems/3.0.0/gems/chef-17.2.29/lib/chef/provider/package/yum/python_helper.rb:206:in `with_helper'
/opt/chef/embedded/lib/ruby/gems/3.0.0/gems/chef-17.2.29/lib/chef/provider/package/yum/python_helper.rb:160:in `query'
/opt/chef/embedded/lib/ruby/gems/3.0.0/gems/chef-17.2.29/lib/chef/provider/package/yum/python_helper.rb:126:in `package_query'
/opt/chef/embedded/lib/ruby/gems/3.0.0/gems/chef-17.2.29/lib/chef/provider/package/yum.rb:235:in `installed_version'
/opt/chef/embedded/lib/ruby/gems/3.0.0/gems/chef-17.2.29/lib/chef/provider/package/yum.rb:85:in `block in get_current_versions'
/opt/chef/embedded/lib/ruby/gems/3.0.0/gems/chef-17.2.29/lib/chef/provider/package/yum.rb:84:in `each'
/opt/chef/embedded/lib/ruby/gems/3.0.0/gems/chef-17.2.29/lib/chef/provider/package/yum.rb:84:in `each_with_index'
/opt/chef/embedded/lib/ruby/gems/3.0.0/gems/chef-17.2.29/lib/chef/provider/package/yum.rb:84:in `each'
/opt/chef/embedded/lib/ruby/gems/3.0.0/gems/chef-17.2.29/lib/chef/provider/package/yum.rb:84:in `map'
/opt/chef/embedded/lib/ruby/gems/3.0.0/gems/chef-17.2.29/lib/chef/provider/package/yum.rb:84:in `get_current_versions'
/opt/chef/embedded/lib/ruby/gems/3.0.0/gems/chef-17.2.29/lib/chef/provider/package/yum.rb:62:in `load_current_resource'
/opt/chef/embedded/lib/ruby/gems/3.0.0/gems/chef-17.2.29/lib/chef/provider.rb:200:in `run_action'
/opt/chef/embedded/lib/ruby/gems/3.0.0/gems/chef-17.2.29/lib/chef/resource.rb:600:in `block in run_action'
/opt/chef/embedded/lib/ruby/gems/3.0.0/gems/chef-17.2.29/lib/chef/resource.rb:627:in `with_umask'
/opt/chef/embedded/lib/ruby/gems/3.0.0/gems/chef-17.2.29/lib/chef/resource.rb:599:in `run_action'
/opt/chef/embedded/lib/ruby/gems/3.0.0/gems/chef-17.2.29/lib/chef/runner.rb:74:in `run_action'
/opt/chef/embedded/lib/ruby/gems/3.0.0/gems/chef-17.2.29/lib/chef/runner.rb:108:in `block in run_all_actions'
/opt/chef/embedded/lib/ruby/gems/3.0.0/gems/chef-17.2.29/lib/chef/runner.rb:108:in `each'
/opt/chef/embedded/lib/ruby/gems/3.0.0/gems/chef-17.2.29/lib/chef/runner.rb:108:in `run_all_actions'
/opt/chef/embedded/lib/ruby/gems/3.0.0/gems/chef-17.2.29/lib/chef/runner.rb:132:in `block in converge'
/opt/chef/embedded/lib/ruby/gems/3.0.0/gems/chef-17.2.29/lib/chef/resource_collection/resource_list.rb:96:in `block in execute_each_resource'
/opt/chef/embedded/lib/ruby/gems/3.0.0/gems/chef-17.2.29/lib/chef/resource_collection/stepable_iterator.rb:114:in `call_iterator_block'
/opt/chef/embedded/lib/ruby/gems/3.0.0/gems/chef-17.2.29/lib/chef/resource_collection/stepable_iterator.rb:85:in `step'
/opt/chef/embedded/lib/ruby/gems/3.0.0/gems/chef-17.2.29/lib/chef/resource_collection/stepable_iterator.rb:103:in `iterate'
/opt/chef/embedded/lib/ruby/gems/3.0.0/gems/chef-17.2.29/lib/chef/resource_collection/stepable_iterator.rb:54:in `each_with_index'
/opt/chef/embedded/lib/ruby/gems/3.0.0/gems/chef-17.2.29/lib/chef/resource_collection/resource_list.rb:94:in `execute_each_resource'
/opt/chef/embedded/lib/ruby/3.0.0/forwardable.rb:238:in `execute_each_resource'
/opt/chef/embedded/lib/ruby/gems/3.0.0/gems/chef-17.2.29/lib/chef/runner.rb:130:in `converge'
/opt/chef/embedded/lib/ruby/gems/3.0.0/gems/chef-17.2.29/lib/chef/client.rb:687:in `block in converge'
/opt/chef/embedded/lib/ruby/gems/3.0.0/gems/chef-17.2.29/lib/chef/client.rb:682:in `catch'
/opt/chef/embedded/lib/ruby/gems/3.0.0/gems/chef-17.2.29/lib/chef/client.rb:682:in `converge'
/opt/chef/embedded/lib/ruby/gems/3.0.0/gems/chef-17.2.29/lib/chef/client.rb:706:in `converge_and_save'
/opt/chef/embedded/lib/ruby/gems/3.0.0/gems/chef-17.2.29/lib/chef/client.rb:286:in `run'
/opt/chef/embedded/lib/ruby/gems/3.0.0/gems/chef-17.2.29/lib/chef/application.rb:305:in `run_with_graceful_exit_option'
/opt/chef/embedded/lib/ruby/gems/3.0.0/gems/chef-17.2.29/lib/chef/application.rb:281:in `block in run_chef_client'
/opt/chef/embedded/lib/ruby/gems/3.0.0/gems/chef-17.2.29/lib/chef/local_mode.rb:42:in `with_server_connectivity'
/opt/chef/embedded/lib/ruby/gems/3.0.0/gems/chef-17.2.29/lib/chef/application.rb:264:in `run_chef_client'
/opt/chef/embedded/lib/ruby/gems/3.0.0/gems/chef-17.2.29/lib/chef/application/base.rb:352:in `run_application'
/opt/chef/embedded/lib/ruby/gems/3.0.0/gems/chef-17.2.29/lib/chef/application.rb:67:in `run'
/opt/chef/embedded/lib/ruby/gems/3.0.0/gems/chef-bin-17.2.29/bin/chef-client:25:in `<top (required)>'
/bin/chef-client:143:in `load'
/bin/chef-client:143:in `<main>'